<?xml version="1.0" encoding="UTF-8"?>
<testsuite xmlns:xsi="http://www.w3.org/2001/XMLSchema-instance" xsi:noNamespaceSchemaLocation="https://maven.apache.org/surefire/maven-surefire-plugin/xsd/surefire-test-report-3.0.xsd" version="3.0" name="com.github.pointbre.asyncer.test.AsyncerTest" time="0.202" tests="1" errors="0" skipped="0" failures="0">
  <properties>
[...]
</properties>
  <testcase name="test" classname="com.github.pointbre.asyncer.test.AsyncerTest" time="0.201">
    <system-out><![CDATA[true
true
1
state updated=Asyncer.Change(value=STOPPED) at Sun Dec 10 00:00:50 NZDT 2023
2
3
Request received Request[uuid=4e3cb499-018c-1000-a6e4-f9bf310e1d66, event=START: additional message, resultSink=reactor.core.publisher.SinkOneSerialized@5f9c98f7]
Running
state updated=Asyncer.Change(value=STARTING) at Sun Dec 10 00:00:50 NZDT 2023
inside of task: state=STOPPED, event=START: additional message
state updated=Asyncer.Change(value=STARTED) at Sun Dec 10 00:00:50 NZDT 2023
Returned transition result=Asyncer.TransitionResult(event=START: additional message, states=[STARTING, STARTED], transition=Asyncer.Transition(name=, from=STOPPED, event=START, to=STARTING, tasks=[com.github.pointbre.asyncer.test.AsyncerTest$$Lambda/0x00007f58c022f118@33d05366], taskExecutor=com.github.pointbre.asyncer.core.SequentialFAETaskExecutorImpl@27a0a5a2, timeout=null, toWhenProcessed=STARTED, toWhenFailed=STOPPED), taskResults=[Asyncer.Result(value=true, description=done)])
task result=Asyncer.Result(value=true, description=done)
fire START finished=Asyncer.TransitionResult(event=START: additional message, states=[STARTING, STARTED], transition=Asyncer.Transition(name=, from=STOPPED, event=START, to=STARTING, tasks=[com.github.pointbre.asyncer.test.AsyncerTest$$Lambda/0x00007f58c022f118@33d05366], taskExecutor=com.github.pointbre.asyncer.core.SequentialFAETaskExecutorImpl@27a0a5a2, timeout=null, toWhenProcessed=STARTED, toWhenFailed=STOPPED), taskResults=[Asyncer.Result(value=true, description=done)])
Processing done: Asyncer.TransitionResult(event=START: additional message, states=[STARTING, STARTED], transition=Asyncer.Transition(name=, from=STOPPED, event=START, to=STARTING, tasks=[com.github.pointbre.asyncer.test.AsyncerTest$$Lambda/0x00007f58c022f118@33d05366], taskExecutor=com.github.pointbre.asyncer.core.SequentialFAETaskExecutorImpl@27a0a5a2, timeout=null, toWhenProcessed=STARTED, toWhenFailed=STOPPED), taskResults=[Asyncer.Result(value=true, description=done)])
5 --> 94
6
Asyncer's close() called
Putting poison pill
Waiting until the poison pill is taken

.Request received Request[uuid=null, event=null, resultSink=null]
Poison pill arrived
Poison pill is taken
7 --> 196
]]></system-out>
    <system-err><![CDATA[SLF4J: No SLF4J providers were found.
SLF4J: Defaulting to no-operation (NOP) logger implementation
SLF4J: See https://www.slf4j.org/codes.html#noProviders for further details.
]]></system-err>
  </testcase>
</testsuite>